<?xml version="1.0" encoding="UTF-8"?>
<!-- Generated by org.testng.reporters.JUnitXMLReporter -->
<testsuite ignored="0" hostname="DESKTOP-5DS53NE" failures="0" tests="2" name="regression" time="7.642" errors="0" timestamp="2022-06-29T12:31:46 IST">
  <testcase classname="com.RegressionSuite.TC01_ValidateLoginFunction" name="loginValidation" time="1.023"/>
  <testcase classname="com.RegressionSuite.TC02_Validate_SelectProduct" name="SelectProductValidation" time="2.095"/>
</testsuite> <!-- regression -->
