<?xml version="1.0" encoding="UTF-8"?>
<testng-results ignored="0" total="2" passed="2" failed="0" skipped="0">
  <reporter-output>
  </reporter-output>
  <suite started-at="2022-06-29T12:31:39 IST" name="RegressionSuite" finished-at="2022-06-29T12:31:46 IST" duration-ms="7642">
    <groups>
    </groups>
    <test started-at="2022-06-29T12:31:39 IST" name="regression" finished-at="2022-06-29T12:31:46 IST" duration-ms="7642">
      <class name="com.RegressionSuite.TC01_ValidateLoginFunction">
        <test-method is-config="true" signature="setBrowser()[pri:0, instance:com.RegressionSuite.TC01_ValidateLoginFunction@5fdcaa40]" started-at="2022-06-29T12:31:39 IST" name="setBrowser" finished-at="2022-06-29T12:31:41 IST" duration-ms="2019" status="PASS">
          <reporter-output>
          </reporter-output>
        </test-method> <!-- setBrowser -->
        <test-method is-config="true" signature="loginFunction()[pri:0, instance:com.RegressionSuite.TC01_ValidateLoginFunction@5fdcaa40]" started-at="2022-06-29T12:31:41 IST" name="loginFunction" finished-at="2022-06-29T12:31:41 IST" duration-ms="195" status="PASS">
          <reporter-output>
          </reporter-output>
        </test-method> <!-- loginFunction -->
        <test-method signature="loginValidation()[pri:0, instance:com.RegressionSuite.TC01_ValidateLoginFunction@5fdcaa40]" started-at="2022-06-29T12:31:41 IST" name="loginValidation" finished-at="2022-06-29T12:31:42 IST" duration-ms="1023" status="PASS">
          <reporter-output>
          </reporter-output>
        </test-method> <!-- loginValidation -->
        <test-method is-config="true" signature="logout()[pri:0, instance:com.RegressionSuite.TC01_ValidateLoginFunction@5fdcaa40]" started-at="2022-06-29T12:31:42 IST" name="logout" finished-at="2022-06-29T12:31:42 IST" duration-ms="140" status="PASS">
          <reporter-output>
          </reporter-output>
        </test-method> <!-- logout -->
        <test-method is-config="true" signature="closeBrowser()[pri:0, instance:com.RegressionSuite.TC01_ValidateLoginFunction@5fdcaa40]" started-at="2022-06-29T12:31:42 IST" name="closeBrowser" finished-at="2022-06-29T12:31:42 IST" duration-ms="131" status="PASS">
          <reporter-output>
          </reporter-output>
        </test-method> <!-- closeBrowser -->
      </class> <!-- com.RegressionSuite.TC01_ValidateLoginFunction -->
      <class name="com.RegressionSuite.TC02_Validate_SelectProduct">
        <test-method is-config="true" signature="setBrowser()[pri:0, instance:com.RegressionSuite.TC02_Validate_SelectProduct@158da8e]" started-at="2022-06-29T12:31:42 IST" name="setBrowser" finished-at="2022-06-29T12:31:44 IST" duration-ms="1591" status="PASS">
          <reporter-output>
          </reporter-output>
        </test-method> <!-- setBrowser -->
        <test-method is-config="true" signature="loginFunction()[pri:0, instance:com.RegressionSuite.TC02_Validate_SelectProduct@158da8e]" started-at="2022-06-29T12:31:44 IST" name="loginFunction" finished-at="2022-06-29T12:31:44 IST" duration-ms="182" status="PASS">
          <reporter-output>
          </reporter-output>
        </test-method> <!-- loginFunction -->
        <test-method signature="SelectProductValidation()[pri:0, instance:com.RegressionSuite.TC02_Validate_SelectProduct@158da8e]" started-at="2022-06-29T12:31:44 IST" name="SelectProductValidation" finished-at="2022-06-29T12:31:46 IST" duration-ms="2095" status="PASS">
          <reporter-output>
          </reporter-output>
        </test-method> <!-- SelectProductValidation -->
        <test-method is-config="true" signature="logout()[pri:0, instance:com.RegressionSuite.TC02_Validate_SelectProduct@158da8e]" started-at="2022-06-29T12:31:46 IST" name="logout" finished-at="2022-06-29T12:31:46 IST" duration-ms="124" status="PASS">
          <reporter-output>
          </reporter-output>
        </test-method> <!-- logout -->
        <test-method is-config="true" signature="closeBrowser()[pri:0, instance:com.RegressionSuite.TC02_Validate_SelectProduct@158da8e]" started-at="2022-06-29T12:31:46 IST" name="closeBrowser" finished-at="2022-06-29T12:31:46 IST" duration-ms="119" status="PASS">
          <reporter-output>
          </reporter-output>
        </test-method> <!-- closeBrowser -->
      </class> <!-- com.RegressionSuite.TC02_Validate_SelectProduct -->
    </test> <!-- regression -->
  </suite> <!-- RegressionSuite -->
</testng-results>
